#! c:/iverilog-x64/bin/vvp
:ivl_version "10.1 (stable)" "(v10_1_1)";
:ivl_delay_selection "TYPICAL";
:vpi_time_precision + 0;
:vpi_module "system";
:vpi_module "vhdl_sys";
:vpi_module "v2005_math";
:vpi_module "va_math";
S_0000000001099ca0 .scope module, "tb_" "tb_" 2 1;
 .timescale 0 0;
v0000000001095430_0 .var "clk", 0 0;
v00000000010ea8a0_0 .var "data", 8 0;
v00000000010ea940_0 .net "out", 0 0, L_00000000010979a0;  1 drivers
S_0000000001099e20 .scope module, "xor1" "my_xor" 2 6, 3 1 0, S_0000000001099ca0;
 .timescale 0 0;
    .port_info 0 /INPUT 9 "data"
    .port_info 1 /INPUT 1 "clk"
    .port_info 2 /OUTPUT 1 "out"
L_00000000010979a0 .functor BUFZ 1, v0000000001095390_0, C4<0>, C4<0>, C4<0>;
v0000000001095110_0 .net "clk", 0 0, v0000000001095430_0;  1 drivers
v00000000010951b0_0 .net "data", 8 0, v00000000010ea8a0_0;  1 drivers
v0000000001095250_0 .var/i "i", 31 0;
v00000000010952f0_0 .net "out", 0 0, L_00000000010979a0;  alias, 1 drivers
v0000000001095390_0 .var "result", 0 0;
E_00000000011ac150 .event posedge, v0000000001095110_0;
    .scope S_0000000001099e20;
T_0 ;
    %wait E_00000000011ac150;
    %pushi/vec4 0, 0, 1;
    %store/vec4 v0000000001095390_0, 0, 1;
    %vpi_call 3 12 "$monitor", "%b", v0000000001095390_0 {0 0 0};
    %pushi/vec4 0, 0, 32;
    %store/vec4 v0000000001095250_0, 0, 32;
T_0.0 ;
    %load/vec4 v0000000001095250_0;
    %cmpi/s 8, 0, 32;
    %jmp/0xz T_0.1, 5;
    %load/vec4 v00000000010951b0_0;
    %load/vec4 v0000000001095250_0;
    %part/s 1;
    %load/vec4 v0000000001095390_0;
    %xor;
    %store/vec4 v0000000001095390_0, 0, 1;
    %load/vec4 v0000000001095250_0;
    %addi 1, 0, 32;
    %store/vec4 v0000000001095250_0, 0, 32;
    %jmp T_0.0;
T_0.1 ;
    %jmp T_0;
    .thread T_0;
    .scope S_0000000001099ca0;
T_1 ;
    %pushi/vec4 0, 0, 1;
    %store/vec4 v0000000001095430_0, 0, 1;
    %vpi_call 2 14 "$monitor", "%b", v00000000010ea940_0 {0 0 0};
    %pushi/vec4 94, 0, 9;
    %store/vec4 v00000000010ea8a0_0, 0, 9;
    %load/vec4 v0000000001095430_0;
    %inv;
    %store/vec4 v0000000001095430_0, 0, 1;
    %end;
    .thread T_1;
# The file index is used to find the file name in the following table.
:file_names 4;
    "N/A";
    "<interactive>";
    "./testbench.sv";
    "./xor.sv";
